#
# A fatal error has been detected by the Java Runtime Environment:
#
#  EXCEPTION_ACCESS_VIOLATION (0xc0000005) at pc=0x0000000078aae9f9, pid=8724, tid=9148
#
# JRE version: 6.0_17-b04
# Java VM: Java HotSpot(TM) 64-Bit Server VM (14.3-b01 mixed mode windows-amd64 )
# Problematic frame:
# C  0x0000000078aae9f9
#
# If you would like to submit a bug report, please visit:
#   http://java.sun.com/webapps/bugreport/crash.jsp
#

---------------  T H R E A D  ---------------

Current thread (0x00000000766a2000):  JavaThread "AWT-EventQueue-0" [_thread_in_vm, id=9148, stack(0x0000000069fd0000,0x000000006a050000)]

siginfo: ExceptionCode=0xc0000005, reading address 0x0000000000000001

Registers:
EAX=0x0000000000000001, EBX=0x0000000016296d40, ECX=0x00000000162acf10, EDX=0x00000000583a0da0
ESP=0x000000006a04e500, EBP=0x00000000583a0da0, ESI=0x00000000583a0da0, EDI=0x00000000162acf10
EIP=0x0000000078aae9f9, EFLAGS=0x0000000000010202

Top of Stack: (sp=0x000000006a04e500)
0x000000006a04e500:   000000006a04e568 0000000180051514
0x000000006a04e510:   000000006a04e708 0000000078a88418
0x000000006a04e520:   000000006a04cf90 0000000078aaeb14
0x000000006a04e530:   0000000016296d40 000000006a04e660
0x000000006a04e540:   00000000583a0da0 00000000769ba418
0x000000006a04e550:   00000000766a21b8 0000000078a6f749
0x000000006a04e560:   0000000048d7a838 000000006a04e610
0x000000006a04e570:   00000000769ba418 00000000766a2000
0x000000006a04e580:   00000000766a2000 0000000000000000
0x000000006a04e590:   0000000046d22af8 fffffffffffffffe
0x000000006a04e5a0:   000000006a04e708 00000000731e482b
0x000000006a04e5b0:   00000000766a21b8 00000000439a5ac2
0x000000006a04e5c0:   0000000048d7a838 000000006a04e610
0x000000006a04e5d0:   0000000000000000 0000000043bf034c
0x000000006a04e5e0:   0000000046d23e20 0000000043bc3d11
0x000000006a04e5f0:   0000000046d22af8 0000000046f7cce0 

Instructions: (pc=0x0000000078aae9f9)
0x0000000078aae9e9:   c1 89 8a 00 01 00 00 eb 11 48 8b 87 20 01 00 00
0x0000000078aae9f9:   48 8b 08 48 89 8f 20 01 00 00 4c 8b 64 24 20 48 


Stack: [0x0000000069fd0000,0x000000006a050000],  sp=0x000000006a04e500,  free space=505k
Native frames: (J=compiled Java code, j=interpreted, Vv=VM code, C=native code)
C  0x0000000078aae9f9

Java frames: (J=compiled Java code, j=interpreted, Vv=VM code)
J  sun.awt.windows.WComponentPeer.getLocationOnScreen()Ljava/awt/Point;
J  java.awt.Component.getLocationOnScreen_NoTreeLock()Ljava/awt/Point;
j  java.awt.Component.getLocationOnScreen()Ljava/awt/Point;+8
j  java.awt.event.MouseEvent.<init>(Ljava/awt/Component;IJIIIIZI)V+33
j  java.awt.event.MouseEvent.<init>(Ljava/awt/Component;IJIIIIZ)V+15
j  com.mathworks.hg.peer.FigurePeerMouseEvent.<init>(Ljava/awt/Component;IZIJIIIIZ)V+16
j  com.mathworks.hg.peer.FigurePeer.handleMouseEvent(Ljava/awt/event/MouseEvent;Ljava/awt/Point;Z)V+78
j  com.mathworks.hg.peer.FigurePeer.handleFigureMouseEvent(Ljava/awt/event/MouseEvent;)V+21
j  com.mathworks.hg.peer.FigurePeer.access$1200(Lcom/mathworks/hg/peer/FigurePeer;Ljava/awt/event/MouseEvent;)V+2
j  com.mathworks.hg.peer.FigurePeer$FigurePeerNotificationHandler.handleJavaEventNotification(Lcom/mathworks/hg/peer/FigureJavaEventNotification;)V+167
j  com.mathworks.hg.peer.FigurePeer$FigurePeerNotificationHandler.handleNotification(Lcom/mathworks/hg/peer/FigureNotification;)V+112
j  com.mathworks.hg.peer.FigurePeer.handleNotification(Lcom/mathworks/hg/peer/FigureNotification;)V+5
J  com.mathworks.hg.peer.FigureNotificationHandlerImpl.handleNotification(Lcom/mathworks/hg/peer/FigureNotification;)V
J  com.mathworks.hg.peer.FigureNotificationHandlerImpl.handleNotification(Lcom/mathworks/hg/peer/FigureNotification;)V
j  com.mathworks.hg.peer.FigureClientProxy$ClientProxyNotificationHandler.handleJavaEventNotification(Lcom/mathworks/hg/peer/FigureJavaEventNotification;)V+68
j  com.mathworks.hg.peer.FigureClientProxy$ClientProxyNotificationHandler.handleNotification(Lcom/mathworks/hg/peer/FigureNotification;)V+44
j  com.mathworks.hg.peer.FigureClientProxy.handleNotification(Lcom/mathworks/hg/peer/FigureNotification;)V+5
J  com.mathworks.hg.peer.FigureNotificationHandlerImpl.handleNotification(Lcom/mathworks/hg/peer/FigureNotification;)V
j  com.mathworks.hg.peer.FigurePanel.handleNotification(Lcom/mathworks/hg/peer/FigureNotification;)V+168
J  com.mathworks.hg.peer.FigureNotificationHandlerImpl.handleNotification(Lcom/mathworks/hg/peer/FigureNotification;)V
j  com.mathworks.hg.peer.FigureComponentProxy.handleNotification(Lcom/mathworks/hg/peer/FigureNotification;)V+5
j  com.mathworks.hg.peer.FigureComponentProxyWithMouse.handleNotification(Lcom/mathworks/hg/peer/FigureNotification;)V+41
J  com.mathworks.hg.peer.FigureNotificationHandlerImpl.handleNotification(Lcom/mathworks/hg/peer/FigureNotification;)V
j  com.mathworks.hg.peer.FigureNotificationHandlerImpl.sendJavaEventNotification(Ljava/awt/AWTEvent;)V+11
j  com.mathworks.hg.peer.FigureMouseListener.mouseMoved(Ljava/awt/event/MouseEvent;)V+5
j  java.awt.Component.processMouseMotionEvent(Ljava/awt/event/MouseEvent;)V+42
j  java.awt.Component.processEvent(Ljava/awt/AWTEvent;)V+92
J  java.awt.Component.dispatchEventImpl(Ljava/awt/AWTEvent;)V
J  java.awt.EventDispatchThread.pumpOneEventForFilters(I)Z
J  java.awt.EventDispatchThread.pumpEventsForFilter(ILjava/awt/Conditional;Ljava/awt/EventFilter;)V
j  java.awt.EventDispatchThread.pumpEventsForHierarchy(ILjava/awt/Conditional;Ljava/awt/Component;)V+11
j  java.awt.EventDispatchThread.pumpEvents(ILjava/awt/Conditional;)V+4
j  java.awt.EventDispatchThread.pumpEvents(Ljava/awt/Conditional;)V+3
j  java.awt.EventDispatchThread.run()V+9
v  ~StubRoutines::call_stub

---------------  P R O C E S S  ---------------

Java Threads: ( => current thread )
  0x00000000974db800 JavaThread "Image Fetcher 0" daemon [_thread_blocked, id=7724, stack(0x00000000225a0000,0x0000000022620000)]
  0x00000000974d5000 JavaThread "Main message loop" daemon [_thread_in_native, id=9252, stack(0x000000003ce80000,0x000000003cf00000)]
  0x00000000974d6800 JavaThread "Code Analyzer updating thread" [_thread_blocked, id=11160, stack(0x000000003cd50000,0x000000003cdd0000)]
  0x00000000974d9000 JavaThread "Code Analyzer updating thread" [_thread_blocked, id=10632, stack(0x000000003ca30000,0x000000003cab0000)]
  0x00000000974d6000 JavaThread "Code Analyzer updating thread" [_thread_blocked, id=9428, stack(0x000000003ccc0000,0x000000003cd40000)]
  0x00000000974d4800 JavaThread "Code Analyzer updating thread" [_thread_blocked, id=10760, stack(0x000000003c9b0000,0x000000003ca30000)]
  0x00000000974d8000 JavaThread "Code Analyzer updating thread" [_thread_blocked, id=9196, stack(0x000000003c430000,0x000000003c4b0000)]
  0x00000000974db000 JavaThread "Main message loop" daemon [_thread_in_native, id=6636, stack(0x000000003c380000,0x000000003c400000)]
  0x00000000974da000 JavaThread "Code Analyzer updating thread" [_thread_blocked, id=3492, stack(0x000000003c0e0000,0x000000003c160000)]
  0x00000000974d9800 JavaThread "Code Analyzer updating thread" [_thread_blocked, id=196, stack(0x000000003b970000,0x000000003b9f0000)]
  0x00000000974cd000 JavaThread "Code Analyzer updating thread" [_thread_blocked, id=4368, stack(0x0000000025ef0000,0x0000000025f70000)]
  0x00000000974d7800 JavaThread "Main message loop" daemon [_thread_in_native, id=9536, stack(0x0000000069ed0000,0x0000000069f50000)]
  0x00000000974d3800 JavaThread "Main message loop" daemon [_thread_in_native, id=6296, stack(0x0000000022340000,0x00000000223c0000)]
  0x00000000974d1800 JavaThread "Code Analyzer updating thread" [_thread_blocked, id=844, stack(0x000000001fdf0000,0x000000001fe70000)]
  0x00000000974d0000 JavaThread "Code Analyzer updating thread" [_thread_blocked, id=7304, stack(0x000000001f5f0000,0x000000001f670000)]
  0x00000000974cf800 JavaThread "Code Analyzer updating thread" [_thread_blocked, id=5360, stack(0x000000001efa0000,0x000000001f020000)]
  0x00000000974ce800 JavaThread "Code Analyzer updating thread" [_thread_blocked, id=9804, stack(0x000000001eec0000,0x000000001ef40000)]
  0x00000000974ce000 JavaThread "Main message loop" daemon [_thread_in_native, id=7276, stack(0x000000001e650000,0x000000001e6d0000)]
  0x0000000072223000 JavaThread "Main message loop" daemon [_thread_in_native, id=10604, stack(0x000000000af80000,0x000000000b000000)]
  0x000000007221c800 JavaThread "Foxtrot Multi Worker Thread Runner #2" daemon [_thread_blocked, id=11124, stack(0x0000000022e00000,0x0000000022e80000)]
  0x00000000766a4000 JavaThread "Main message loop" daemon [_thread_in_native, id=7880, stack(0x000000000f630000,0x000000000f6b0000)]
  0x0000000072221000 JavaThread "pool-3-thread-1" [_thread_blocked, id=9616, stack(0x00000000223e0000,0x0000000022460000)]
  0x000000007221c000 JavaThread "Swing-Shell" daemon [_thread_blocked, id=5876, stack(0x0000000072f50000,0x0000000072fd0000)]
  0x00000000766a6800 JavaThread "Prefs Updater" daemon [_thread_blocked, id=9256, stack(0x0000000072c70000,0x0000000072cf0000)]
  0x0000000072220000 JavaThread "Main message loop" daemon [_thread_in_native, id=9340, stack(0x000000000d0b0000,0x000000000d130000)]
  0x0000000072221800 JavaThread "Main message loop" daemon [_thread_in_native, id=3120, stack(0x000000000a2d0000,0x000000000a350000)]
  0x000000007221f800 JavaThread "Main message loop" daemon [_thread_in_native, id=6580, stack(0x0000000008380000,0x0000000008400000)]
  0x000000007221e000 JavaThread "Timer-35" daemon [_thread_blocked, id=8828, stack(0x0000000005200000,0x0000000005280000)]
  0x000000007221e800 JavaThread "Main message loop" daemon [_thread_in_native, id=208, stack(0x0000000005170000,0x00000000051f0000)]
  0x0000000072214000 JavaThread "com.jniwrapper.NativeResourceCollector" daemon [_thread_blocked, id=8876, stack(0x00000000050e0000,0x0000000005160000)]
  0x0000000072214800 JavaThread "Foxtrot Single Worker Thread #1" daemon [_thread_blocked, id=8868, stack(0x0000000009530000,0x00000000095b0000)]
  0x0000000072219000 JavaThread "pool-1-thread-1" [_thread_blocked, id=7452, stack(0x0000000008fe0000,0x0000000009060000)]
  0x0000000072215800 JavaThread "Code Analyzer updating thread" [_thread_blocked, id=6176, stack(0x0000000009270000,0x00000000092f0000)]
  0x0000000072219800 JavaThread "Active Reference Queue Daemon" daemon [_thread_blocked, id=2456, stack(0x00000000091e0000,0x0000000009260000)]
  0x000000007221a800 JavaThread "Timer-34" daemon [_thread_blocked, id=7328, stack(0x0000000009060000,0x00000000090e0000)]
  0x0000000072217000 JavaThread "Timer-7" daemon [_thread_blocked, id=8652, stack(0x0000000015c20000,0x0000000015ca0000)]
  0x0000000072217800 JavaThread "Explorer NavigationContext request queue" [_thread_blocked, id=6316, stack(0x0000000015b10000,0x0000000015b90000)]
  0x00000000766a3000 JavaThread "AddressBar directory emptiness poller" [_thread_blocked, id=8272, stack(0x00000000745a0000,0x0000000074620000)]
  0x00000000766a7000 JavaThread "Explorer Refresh Service 340198219" [_thread_blocked, id=576, stack(0x0000000074520000,0x00000000745a0000)]
  0x00000000766a5800 JavaThread "Timer-1" daemon [_thread_blocked, id=7020, stack(0x0000000073e40000,0x0000000073ec0000)]
  0x00000000766a9800 JavaThread "TimerQueue" daemon [_thread_blocked, id=9200, stack(0x0000000072bc0000,0x0000000072c40000)]
  0x00000000766a8000 JavaThread "Thread-5" daemon [_thread_blocked, id=9152, stack(0x00000000728c0000,0x0000000072940000)]
=>0x00000000766a2000 JavaThread "AWT-EventQueue-0" [_thread_in_vm, id=9148, stack(0x0000000069fd0000,0x000000006a050000)]
  0x00000000766a8800 JavaThread "AWT-Shutdown" [_thread_blocked, id=9144, stack(0x0000000069810000,0x0000000069890000)]
  0x00000000766a3800 JavaThread "FelixPackageAdmin" daemon [_thread_blocked, id=9096, stack(0x0000000072b40000,0x0000000072bc0000)]
  0x0000000076a89800 JavaThread "FelixStartLevel" daemon [_thread_blocked, id=9092, stack(0x0000000072ac0000,0x0000000072b40000)]
  0x00000000767a3000 JavaThread "FelixDispatchQueue" daemon [_thread_blocked, id=9088, stack(0x0000000072a40000,0x0000000072ac0000)]
  0x0000000076675800 JavaThread "com.google.common.base.internal.Finalizer" daemon [_thread_blocked, id=9068, stack(0x0000000069f50000,0x0000000069fd0000)]
  0x00000000765e8800 JavaThread "AWT-Windows" daemon [_thread_in_native, id=9060, stack(0x0000000069e50000,0x0000000069ed0000)]
  0x00000000765e7000 JavaThread "Java2D Disposer" daemon [_thread_blocked, id=9052, stack(0x0000000069790000,0x0000000069810000)]
  0x0000000076205800 JavaThread "Timer-0" [_thread_blocked, id=9048, stack(0x0000000069700000,0x0000000069780000)]
  0x00000000728b6000 JavaThread "EventMgr Dispatcher" daemon [_thread_in_native, id=8900, stack(0x00000000163b0000,0x000000001a3b0000)]
  0x0000000067061800 JavaThread "Low Memory Detector" daemon [_thread_blocked, id=9012, stack(0x0000000069680000,0x0000000069700000)]
  0x0000000067058800 JavaThread "CompilerThread1" daemon [_thread_blocked, id=9008, stack(0x0000000083ff0000,0x0000000087ff0000)]
  0x0000000067058000 JavaThread "CompilerThread0" daemon [_thread_blocked, id=9004, stack(0x000000007fff0000,0x0000000083ff0000)]
  0x0000000067057000 JavaThread "Attach Listener" daemon [_thread_blocked, id=9000, stack(0x00000000672a0000,0x0000000067320000)]
  0x0000000016378000 JavaThread "Finalizer" daemon [_thread_blocked, id=8980, stack(0x0000000067220000,0x00000000672a0000)]
  0x0000000067022800 JavaThread "Reference Handler" daemon [_thread_blocked, id=8976, stack(0x00000000671a0000,0x0000000067220000)]
  0x000000001629b000 JavaThread "main" [_thread_in_native, id=8728, stack(0x0000000000d90000,0x0000000004d90000)]

Other Threads:
  0x0000000016371800 VMThread [stack: 0x000000006e0c0000,0x00000000720c0000] [id=8972]
  0x0000000067090800 WatcherThread [stack: 0x0000000087ff0000,0x000000008bff0000] [id=9016]

VM state:not at safepoint (normal execution)

VM Mutex/Monitor currently owned by a thread:  ([mutex/lock_event])
[0x0000000016296d40] JNIGlobalHandle_lock - owner thread: 0x00000000766a2000

Heap
 PSYoungGen      total 32448K, used 14921K [0x0000000057d60000, 0x0000000059f30000, 0x000000005ae60000)
  eden space 30400K, 44% used [0x0000000057d60000,0x0000000058aa54d0,0x0000000059b10000)
  from space 2048K, 65% used [0x0000000059d30000,0x0000000059e7d118,0x0000000059f30000)
  to   space 2112K, 0% used [0x0000000059b10000,0x0000000059b10000,0x0000000059d20000)
 PSOldGen        total 150528K, used 124920K [0x000000004ea60000, 0x0000000057d60000, 0x0000000057d60000)
  object space 150528K, 82% used [0x000000004ea60000,0x000000005645e2c8,0x0000000057d60000)
 PSPermGen       total 88320K, used 80685K [0x0000000046a60000, 0x000000004c0a0000, 0x000000004ea60000)
  object space 88320K, 91% used [0x0000000046a60000,0x000000004b92b4e8,0x000000004c0a0000)

Dynamic libraries:
0x00007ff7aed10000 - 0x00007ff7aed3d000 	C:\Program Files\MATLAB\R2012b\bin\win64\MATLAB.exe
0x00007ffc85b70000 - 0x00007ffc85d32000 	C:\WINDOWS\SYSTEM32\ntdll.dll
0x00007ffc84b80000 - 0x00007ffc84c2d000 	C:\WINDOWS\system32\KERNEL32.DLL
0x00007ffc82f00000 - 0x00007ffc830dd000 	C:\WINDOWS\system32\KERNELBASE.dll
0x00007ffc80cf0000 - 0x00007ffc80d68000 	C:\WINDOWS\system32\apphelp.dll
0x0000000074460000 - 0x000000007451f000 	C:\Program Files\MATLAB\R2012b\bin\win64\libut.dll
0x0000000180000000 - 0x00000001802dc000 	C:\Program Files\MATLAB\R2012b\bin\win64\libmwservices.dll
0x0000000074970000 - 0x0000000074a31000 	C:\Program Files\MATLAB\R2012b\bin\win64\mcr.dll
0x00000000698c0000 - 0x0000000069993000 	C:\WINDOWS\WinSxS\amd64_microsoft.vc90.crt_1fc8b3b9a1e18e3b_9.0.30729.9158_none_08e47e47a83d53d6\MSVCP90.dll
0x00000000699a0000 - 0x0000000069a43000 	C:\WINDOWS\WinSxS\amd64_microsoft.vc90.crt_1fc8b3b9a1e18e3b_9.0.30729.9158_none_08e47e47a83d53d6\MSVCR90.dll
0x00000000758a0000 - 0x000000007595c000 	C:\Program Files\MATLAB\R2012b\bin\win64\libmwi18n.dll
0x00007ffc83490000 - 0x00007ffc83498000 	C:\WINDOWS\system32\PSAPI.DLL
0x00007ffc85450000 - 0x00007ffc855d5000 	C:\WINDOWS\system32\GDI32.dll
0x00007ffc85ac0000 - 0x00007ffc85b66000 	C:\WINDOWS\system32\ADVAPI32.dll
0x00007ffc83500000 - 0x00007ffc8364e000 	C:\WINDOWS\system32\USER32.dll
0x00007ffc833f0000 - 0x00007ffc8348d000 	C:\WINDOWS\system32\msvcrt.dll
0x00007ffc83650000 - 0x00007ffc84b75000 	C:\WINDOWS\system32\SHELL32.dll
0x00007ffc84d10000 - 0x00007ffc84d6b000 	C:\WINDOWS\system32\sechost.dll
0x00007ffc85870000 - 0x00007ffc85996000 	C:\WINDOWS\system32\RPCRT4.dll
0x00007ffc82640000 - 0x00007ffc82c68000 	C:\WINDOWS\system32\windows.storage.dll
0x00007ffc85000000 - 0x00007ffc8527c000 	C:\WINDOWS\system32\combase.dll
0x0000000075000000 - 0x00000000753e9000 	C:\Program Files\MATLAB\R2012b\bin\win64\iqm.dll
0x00007ffc834a0000 - 0x00007ffc834f1000 	C:\WINDOWS\system32\shlwapi.dll
0x00007ffc82630000 - 0x00007ffc8263f000 	C:\WINDOWS\system32\kernel.appcore.dll
0x00007ffc82e40000 - 0x00007ffc82ef3000 	C:\WINDOWS\system32\shcore.dll
0x00007ffc825c0000 - 0x00007ffc8260a000 	C:\WINDOWS\system32\powrprof.dll
0x00007ffc82610000 - 0x00007ffc82623000 	C:\WINDOWS\system32\profapi.dll
0x00007ffc85720000 - 0x00007ffc85861000 	C:\WINDOWS\system32\ole32.dll
0x0000000079fb0000 - 0x0000000079fe6000 	C:\Program Files\MATLAB\R2012b\bin\win64\libmwbridge.dll
0x0000000073f70000 - 0x000000007411d000 	C:\Program Files\MATLAB\R2012b\bin\win64\libmwfl.dll
0x0000000075a20000 - 0x0000000075af3000 	C:\Program Files\MATLAB\R2012b\bin\win64\libmx.dll
0x00007ffc859a0000 - 0x00007ffc85a78000 	C:\WINDOWS\system32\COMDLG32.dll
0x00007ffc855e0000 - 0x00007ffc85649000 	C:\WINDOWS\system32\WS2_32.dll
0x00007ffc84d00000 - 0x00007ffc84d08000 	C:\WINDOWS\system32\NSI.dll
0x00007ffc85650000 - 0x00007ffc8566c000 	C:\WINDOWS\system32\imagehlp.dll
0x00007ffc84d80000 - 0x00007ffc84e3e000 	C:\WINDOWS\system32\OLEAUT32.dll
0x0000000069620000 - 0x0000000069647000 	C:\Program Files\MATLAB\R2012b\bin\win64\libmex.dll
0x0000000075f10000 - 0x0000000075f60000 	C:\Program Files\MATLAB\R2012b\bin\win64\mpath.dll
0x000000007b680000 - 0x000000007bc9a000 	C:\Program Files\MATLAB\R2012b\bin\win64\mlutil.dll
0x0000000074e80000 - 0x0000000074f38000 	C:\Program Files\MATLAB\R2012b\bin\win64\m_dispatcher.dll
0x00007ffc5e590000 - 0x00007ffc5e826000 	C:\Program Files\MATLAB\R2012b\bin\win64\mcos.dll
0x00000000694c0000 - 0x0000000069612000 	C:\Program Files\MATLAB\R2012b\bin\win64\libmwgui.dll
0x000000007a3b0000 - 0x000000007a3c0000 	C:\Program Files\MATLAB\R2012b\bin\win64\boost_date_time-vc90-mt-1_44.dll
0x0000000068a60000 - 0x00000000694bf000 	C:\Program Files\MATLAB\R2012b\bin\win64\hg.dll
0x000000007a560000 - 0x000000007a569000 	C:\Program Files\MATLAB\R2012b\bin\win64\boost_system-vc90-mt-1_44.dll
0x0000000068940000 - 0x0000000068a5f000 	C:\Program Files\MATLAB\R2012b\bin\win64\hgutils.dll
0x000000007a2d0000 - 0x000000007a2e2000 	C:\Program Files\MATLAB\R2012b\bin\win64\boost_thread-vc90-mt-1_44.dll
0x00007ffc5dd10000 - 0x00007ffc5e581000 	C:\Program Files\MATLAB\R2012b\bin\win64\m_interpreter.dll
0x00000000110b0000 - 0x000000001116d000 	C:\Program Files\MATLAB\R2012b\bin\win64\boost_log-vc90-mt-1_44.dll
0x0000000075710000 - 0x00000000757de000 	C:\Program Files\MATLAB\R2012b\bin\win64\jmi.dll
0x00000000687c0000 - 0x0000000068931000 	C:\Program Files\MATLAB\R2012b\bin\win64\icuuc44.dll
0x0000000068700000 - 0x00000000687c0000 	C:\Program Files\MATLAB\R2012b\bin\win64\udd_mi.dll
0x00000000686e0000 - 0x00000000686f3000 	C:\Program Files\MATLAB\R2012b\bin\win64\icuio44.dll
0x00000000111b0000 - 0x0000000011566000 	C:\Program Files\MATLAB\R2012b\bin\win64\libmwMATLAB_res.dll
0x0000000011580000 - 0x00000000115c6000 	C:\Program Files\MATLAB\R2012b\bin\win64\tbb.dll
0x00000000115e0000 - 0x00000000118b1000 	C:\Program Files\MATLAB\R2012b\bin\win64\uiw.dll
0x00000000686b0000 - 0x00000000686d2000 	C:\Program Files\MATLAB\R2012b\bin\win64\mwoles05.DLL
0x0000000068630000 - 0x00000000686ad000 	C:\Program Files\MATLAB\R2012b\bin\win64\comcli.dll
0x0000000068620000 - 0x000000006862c000 	C:\Program Files\MATLAB\R2012b\bin\win64\mlautoregister.dll
0x000000007a170000 - 0x000000007a19c000 	C:\Program Files\MATLAB\R2012b\bin\win64\boost_filesystem-vc90-mt-1_44.dll
0x0000000011910000 - 0x0000000011920000 	C:\Program Files\MATLAB\R2012b\bin\win64\boost_iostreams-vc90-mt-1_44.dll
0x00007ffc5db80000 - 0x00007ffc5dd0a000 	C:\WINDOWS\SYSTEM32\dbghelp.dll
0x0000000011960000 - 0x000000001196b000 	C:\Program Files\MATLAB\R2012b\bin\win64\libmwresource_core.dll
0x000000007a010000 - 0x000000007a035000 	C:\Program Files\MATLAB\R2012b\bin\win64\LIBEXPAT.dll
0x0000000068420000 - 0x0000000068611000 	C:\Program Files\MATLAB\R2012b\bin\win64\icuin44.dll
0x0000000011980000 - 0x00000000119c7000 	C:\Program Files\MATLAB\R2012b\bin\win64\boost_serialization-vc90-mt-1_44.dll
0x00000000119d0000 - 0x0000000011a1d000 	C:\Program Files\MATLAB\R2012b\bin\win64\libmwregexp.dll
0x0000000011a30000 - 0x0000000011a53000 	C:\Program Files\MATLAB\R2012b\bin\win64\libmwmfl_scalar.dll
0x0000000011a90000 - 0x0000000011ab0000 	C:\Program Files\MATLAB\R2012b\bin\win64\libmwMATLAB_settings_res.dll
0x00007ffc7f3b0000 - 0x00007ffc7f45a000 	C:\WINDOWS\WinSxS\amd64_microsoft.windows.common-controls_6595b64144ccf1df_5.82.10240.16384_none_0212ec7eba871e86\COMCTL32.dll
0x00007ffc783d0000 - 0x00007ffc783e7000 	C:\WINDOWS\SYSTEM32\NETAPI32.dll
0x0000000068350000 - 0x0000000068418000 	C:\Program Files\MATLAB\R2012b\bin\win64\udd.dll
0x0000000011ad0000 - 0x0000000011d23000 	C:\Program Files\MATLAB\R2012b\bin\win64\xerces-c_2_7.dll
0x000000007a250000 - 0x000000007a263000 	C:\Program Files\MATLAB\R2012b\bin\win64\boost_signals-vc90-mt-1_44.dll
0x0000000011d60000 - 0x0000000011d89000 	C:\Program Files\MATLAB\R2012b\bin\win64\tbbmalloc.dll
0x000000007a210000 - 0x000000007a228000 	C:\Program Files\MATLAB\R2012b\bin\win64\zlib1.dll
0x00000000754d0000 - 0x0000000075551000 	C:\Program Files\MATLAB\R2012b\bin\win64\xmlcore.dll
0x0000000068330000 - 0x0000000068347000 	C:\Program Files\MATLAB\R2012b\bin\win64\graphics_util.dll
0x0000000076100000 - 0x0000000076168000 	C:\Program Files\MATLAB\R2012b\bin\win64\libmat.dll
0x00000000682e0000 - 0x0000000068326000 	C:\Program Files\MATLAB\R2012b\bin\win64\libmwhardcopy.dll
0x0000000068270000 - 0x00000000682d3000 	C:\Program Files\MATLAB\R2012b\bin\win64\libuij.dll
0x0000000068000000 - 0x0000000068264000 	C:\Program Files\MATLAB\R2012b\bin\win64\hgdatatypes.dll
0x0000000011de0000 - 0x0000000011e65000 	C:\Program Files\MATLAB\R2012b\bin\win64\libmwlapack.dll
0x0000000011e90000 - 0x0000000011ecb000 	C:\Program Files\MATLAB\R2012b\bin\win64\libmwgbtutils.dll
0x0000000011ed0000 - 0x0000000011eeb000 	C:\Program Files\MATLAB\R2012b\bin\win64\libmwgbt.dll
0x0000000067b10000 - 0x0000000067ff4000 	C:\WINDOWS\WinSxS\amd64_microsoft.vc90.mfc_1fc8b3b9a1e18e3b_9.0.30729.6161_none_044aad0bab1eb146\mfc90.dll
0x00007ffc7cf70000 - 0x00007ffc7cff4000 	C:\WINDOWS\SYSTEM32\WINSPOOL.DRV
0x0000000074880000 - 0x000000007496d000 	C:\Program Files\MATLAB\R2012b\bin\win64\boost_regex-vc90-mt-1_44.dll
0x0000000011f20000 - 0x0000000011f2d000 	C:\Program Files\MATLAB\R2012b\bin\win64\nativejava_services.dll
0x0000000011f30000 - 0x0000000012d71000 	C:\Program Files\MATLAB\R2012b\bin\win64\icudt44.dll
0x0000000067a80000 - 0x0000000067b04000 	C:\Program Files\MATLAB\R2012b\bin\win64\profiler.dll
0x0000000012d90000 - 0x0000000012ffa000 	C:\Program Files\MATLAB\R2012b\bin\win64\libmwmathutil.dll
0x0000000079f40000 - 0x0000000079f6e000 	C:\Program Files\MATLAB\R2012b\bin\win64\libmwmathrng.dll
0x0000000067a50000 - 0x0000000067a71000 	C:\Program Files\MATLAB\R2012b\bin\win64\m_pcodeio.dll
0x0000000079b10000 - 0x0000000079b77000 	C:\Program Files\MATLAB\R2012b\bin\win64\m_ir.dll
0x00000000673e0000 - 0x0000000067a50000 	C:\Program Files\MATLAB\R2012b\bin\win64\m_parser.dll
0x00000000673a0000 - 0x00000000673d1000 	C:\Program Files\MATLAB\R2012b\bin\win64\m_pcodegen.dll
0x0000000013060000 - 0x00000000130ca000 	C:\Program Files\MATLAB\R2012b\bin\win64\libmwspmatrix.dll
0x0000000067390000 - 0x000000006739f000 	C:\Program Files\MATLAB\R2012b\bin\win64\uinone.dll
0x0000000013110000 - 0x0000000013139000 	C:\Program Files\MATLAB\R2012b\bin\win64\libmwnativefiledialogs.dll
0x00007ffc81850000 - 0x00007ffc8186c000 	C:\WINDOWS\SYSTEM32\MPR.dll
0x0000000069650000 - 0x000000006967f000 	C:\WINDOWS\WinSxS\amd64_microsoft.vc90.atl_1fc8b3b9a1e18e3b_9.0.30729.6161_none_0a1fd3a3a768b895\ATL90.DLL
0x00007ffc7e8c0000 - 0x00007ffc7e8d6000 	C:\WINDOWS\SYSTEM32\wkscli.dll
0x00007ffc81870000 - 0x00007ffc81896000 	C:\WINDOWS\SYSTEM32\srvcli.dll
0x00007ffc81ab0000 - 0x00007ffc81abc000 	C:\WINDOWS\SYSTEM32\netutils.dll
0x000000007a310000 - 0x000000007a321000 	C:\Program Files\MATLAB\R2012b\bin\win64\libmwbinder.dll
0x000000007a4d0000 - 0x000000007a4dc000 	C:\Program Files\MATLAB\R2012b\bin\win64\libmwompwrapper.dll
0x0000000072d30000 - 0x0000000072f44000 	C:\Program Files\MATLAB\R2012b\bin\win64\hdf5dll.dll
0x00007ffc7f530000 - 0x00007ffc7f537000 	C:\WINDOWS\SYSTEM32\MSIMG32.dll
0x00007ffc824d0000 - 0x00007ffc824f8000 	C:\WINDOWS\SYSTEM32\bcrypt.dll
0x0000000067370000 - 0x000000006738a000 	C:\Program Files\MATLAB\R2012b\bin\win64\ir_xfmr.dll
0x0000000067350000 - 0x0000000067361000 	C:\Program Files\MATLAB\R2012b\bin\win64\mtok.dll
0x0000000013190000 - 0x00000000131a2000 	C:\Program Files\MATLAB\R2012b\bin\win64\libmwmfl_rng.dll
0x0000000074c10000 - 0x0000000074cee000 	C:\Program Files\MATLAB\R2012b\bin\win64\libmwmathcore.dll
0x0000000013230000 - 0x0000000013238000 	C:\Program Files\MATLAB\R2012b\bin\win64\libmwplatform_res.dll
0x0000000075ea0000 - 0x0000000075f02000 	C:\Program Files\MATLAB\R2012b\bin\win64\libmwcholmod.dll
0x000000007a460000 - 0x000000007a46d000 	C:\Program Files\MATLAB\R2012b\bin\win64\libmwamd.dll
0x000000007a4b0000 - 0x000000007a4bc000 	C:\Program Files\MATLAB\R2012b\bin\win64\libmwcolamd.dll
0x000000007a290000 - 0x000000007a2a9000 	C:\Program Files\MATLAB\R2012b\bin\win64\libmwblas.dll
0x00007ffc85a80000 - 0x00007ffc85ab6000 	C:\WINDOWS\system32\IMM32.DLL
0x00007ffc84ea0000 - 0x00007ffc84ffc000 	C:\WINDOWS\system32\MSCTF.dll
0x00007ffc80ea0000 - 0x00007ffc80f36000 	C:\WINDOWS\system32\UxTheme.dll
0x00007ffc7fe90000 - 0x00007ffc7feb2000 	C:\WINDOWS\system32\dwmapi.dll
0x00000000132f0000 - 0x00000000132fd000 	C:\WINDOWS\WinSxS\amd64_microsoft.vc90.mfcloc_1fc8b3b9a1e18e3b_9.0.30729.6161_none_01c9581e60cbee58\MFC90ENU.DLL
0x0000000013340000 - 0x000000001334f000 	C:\Program Files\MATLAB\R2012b\bin\win64\xmlxrcsc.dll
0x00007ffc82360000 - 0x00007ffc823cb000 	C:\WINDOWS\SYSTEM32\bcryptPrimitives.dll
0x00007ffc700d0000 - 0x00007ffc70172000 	C:\Program Files\Common Files\microsoft shared\ink\tiptsf.dll
0x00007ffc85670000 - 0x00007ffc85715000 	C:\WINDOWS\system32\clbcatq.dll

VM Arguments:
jvm_args: -Xss512k -XX:PermSize=32m -Xms64m -XX:NewRatio=3 -XX:MaxPermSize=128m -Xmx196m -XX:MaxDirectMemorySize=2147400000 -Dsun.java2d.noddraw=true -Dsun.awt.nopixfmt=true -Xshare:off -Xrs -Dsun.awt.disableMixing=true -Djava.library.path=C:\Program Files\MATLAB\R2012b\bin\win64;C:\Program Files\MATLAB\R2012b\sys\jxbrowser\win64\lib vfprintf abort 
java_command: <unknown>
Launcher Type: generic

Environment Variables:
JAVA_HOME=C:\Program Files\Java\jdk1.8.0_45
PATH=C:\ProgramData\Oracle\Java\javapath;C:\Program Files (x86)\Intel\iCLS Client\;C:\Program Files\Intel\iCLS Client\;C:\WINDOWS\system32;C:\WINDOWS;C:\WINDOWS\System32\Wbem;C:\WINDOWS\System32\WindowsPowerShell\v1.0\;C:\Program Files (x86)\Intel\OpenCL SDK\3.0\bin\x86;C:\Program Files (x86)\Intel\OpenCL SDK\3.0\bin\x64;C:\Program Files\Intel\WiFi\bin\;C:\Program Files\Common Files\Intel\WirelessCommon\;C:\Program Files\MATLAB\MATLAB Production Server\R2015a\runtime\win64;C:\Program Files\MATLAB\MATLAB Production Server\R2015a\bin;C:\Program Files\MATLAB\R2012b\runtime\win64;C:\Program Files\MATLAB\R2012b\bin;C:\Program Files\MATLAB\MATLAB Compiler Runtime\v80\runtime\win64;c:\Program Files (x86)\Microsoft SQL Server\100\Tools\Binn\;c:\Program Files\Microsoft SQL Server\100\Tools\Binn\;c:\Program Files\Microsoft SQL Server\100\DTS\Binn\;C:\Program Files\MATLAB\MATLAB Production Server\R2015a\polyspace\bin;C:\Program Files (x86)\Skype\Phone\;C:\Program Files (x86)\Intel\Intel(R) Management Engine Components\DAL;C:\Program Files\Intel\Intel(R) Management Engine Components\DAL;C:\Program Files (x86)\Intel\Intel(R) Management Engine Components\IPT;C:\Program Files\Intel\Intel(R) Management Engine Components\IPT;C:\Program Files (x86)\NVIDIA Corporation\PhysX\Common;C:\Program Files\Intel\WiFi\bin\;C:\Program Files\Common Files\Intel\WirelessCommon\;C:\Program Files\Java\jdk1.8.0_45\bin\;C:\Program Files (x86)\OpenVPN\bin
USERNAME=Abhijeet
OS=Windows_NT
PROCESSOR_IDENTIFIER=Intel64 Family 6 Model 69 Stepping 1, GenuineIntel



---------------  S Y S T E M  ---------------

OS: Windows NT 6.2 Build 9200 

CPU:total 4 (8 cores per cpu, 2 threads per core) family 6 model 69 stepping 1, cmov, cx8, fxsr, mmx, sse, sse2, sse3, ssse3, sse4.1, sse4.2, ht

Memory: 4k page, physical 8284680k(2779208k free), swap 13423716k(2448708k free)

vm_info: Java HotSpot(TM) 64-Bit Server VM (14.3-b01) for windows-amd64 JRE (1.6.0_17-b04), built on Oct 11 2009 00:46:08 by "java_re" with MS VC++ 8.0

time: Wed Sep 02 04:00:14 2015
elapsed time: 56867 seconds

